<?xml version="1.0" encoding="UTF-8"?>
<con:soapui-project id="f49728ed-5618-43b2-8227-fff5adaf934b" activeEnvironment="Default environment" name="TEST Project" lastOpened="2016-02-22T22:57:09.302+03:00" resourceRoot="" soapui-version="6.0.0" xmlns:con="http://eviware.com/soapui/config"><con:settings/><con:interface xsi:type="con:RestService" id="a81ef9b1-81ab-485b-af58-8ae149beb615" wadlVersion="http://wadl.dev.java.net/2009/02" name="http://www.thomas-bayer.com" type="rest" xmlns:xsi="http://www.w3.org/2001/XMLSchema-instance"><con:settings/><con:definitionCache type="TEXT" rootPart=""/><con:endpoints><con:endpoint>${#Project#host}</con:endpoint></con:endpoints><con:resource name="PRODUCT" path="/sqlrest/PRODUCT/" id="d378634a-ae97-4e5f-92b1-8407bec5f743"><con:settings/><con:parameters/><con:resource name="" path="{ id}" id="2f27bfb0-b12d-4f83-bc71-a0466ba47816"><con:settings/><con:parameters><con:parameter><con:name> id</con:name><con:value/><con:style>TEMPLATE</con:style><con:default/><con:description xsi:nil="true"/></con:parameter></con:parameters><con:method name="Method 1" id="78cd3937-9a8f-4ad0-86c0-de8be9603bf8" method="GET"><con:settings/><con:parameters/><con:representation type="FAULT"><con:mediaType>text/html;charset=utf-8</con:mediaType><con:status>404</con:status><con:params/><con:element>html</con:element></con:representation><con:request name="Request 1" id="3d00a9c5-3242-4b5c-9397-f2f107b03590" mediaType="application/json"><con:settings><con:setting id="com.eviware.soapui.impl.wsdl.WsdlRequest@request-headers">&lt;xml-fragment/></con:setting></con:settings><con:endpoint>${#Project#host}</con:endpoint><con:request/><con:credentials><con:selectedAuthProfile>No Authorization</con:selectedAuthProfile><con:authType>No Authorization</con:authType></con:credentials><con:jmsConfig JMSDeliveryMode="PERSISTENT"/><con:parameters/><con:parameterOrder><con:entry> id</con:entry></con:parameterOrder></con:request></con:method></con:resource><con:method name="PRODUCT" id="c785ad9b-38c7-4114-b743-6d1ccfe7f020" method="GET"><con:settings/><con:parameters/><con:representation type="RESPONSE"><con:mediaType>application/xml</con:mediaType><con:status>200</con:status><con:params/><con:element>PRODUCTList</con:element></con:representation><con:request name="Request 1" id="0fc94b73-c091-437d-8919-1d2f9e7f530b" mediaType="application/json"><con:settings><con:setting id="com.eviware.soapui.impl.wsdl.WsdlRequest@request-headers">&lt;xml-fragment/></con:setting></con:settings><con:endpoint>${#Project#host}</con:endpoint><con:request/><con:credentials><con:selectedAuthProfile>No Authorization</con:selectedAuthProfile><con:authType>No Authorization</con:authType></con:credentials><con:jmsConfig JMSDeliveryMode="PERSISTENT"/><con:parameters/></con:request></con:method></con:resource></con:interface><con:testSuite id="799d89e7-e822-4a23-9e17-40af629a62d2" name="Module6"><con:settings/><con:runType>SEQUENTIAL</con:runType><con:testCase id="dbb939b3-0a8d-4dc3-9a23-efa14c3c043d" discardOkResults="true" failOnError="true" failTestCaseOnErrors="true" keepSession="false" name="Test1" searchProperties="true"><con:settings/><con:testStep type="restrequest" name="PRODUCT - Request 1" id="d50a5586-085c-436a-9e25-649b095d0c13"><con:settings/><con:config service="http://www.thomas-bayer.com" resourcePath="/sqlrest/PRODUCT/" methodName="PRODUCT" xsi:type="con:RestRequestStep" xmlns:xsi="http://www.w3.org/2001/XMLSchema-instance"><con:restRequest name="PRODUCT - Request 1" id="0fc94b73-c091-437d-8919-1d2f9e7f530b" mediaType="application/json"><con:settings><con:setting id="com.eviware.soapui.impl.wsdl.WsdlRequest@request-headers">&lt;xml-fragment/></con:setting></con:settings><con:endpoint>${#Project#host}</con:endpoint><con:request/><con:originalUri>http://www.thomas-bayer.com/sqlrest/PRODUCT/</con:originalUri><con:credentials><con:selectedAuthProfile>No Authorization</con:selectedAuthProfile><con:authType>No Authorization</con:authType></con:credentials><con:jmsConfig JMSDeliveryMode="PERSISTENT"/><con:parameters/></con:restRequest></con:config></con:testStep><con:testStep type="datagen" name="GenID" id="85e96522-d091-48bd-83cd-e8b5f9b8635d"><con:settings/><con:config xsi:type="con:DataGeneratorStep" xmlns:xsi="http://www.w3.org/2001/XMLSchema-instance"><con:property type="Number"><con:configuration><start>0</start><end>10</end><step>1</step><pattern/><random>true</random><persist>false</persist></con:configuration><con:name>id</con:name><con:mode>STEP</con:mode><con:shared>false</con:shared></con:property></con:config></con:testStep><con:testStep type="restrequest" name="GetProduct" id="55d536ee-5a92-497c-a6f9-577a22136a15"><con:settings/><con:config service="http://www.thomas-bayer.com" resourcePath="/sqlrest/PRODUCT/{ id}" methodName="Method 1" xsi:type="con:RestRequestStep" xmlns:xsi="http://www.w3.org/2001/XMLSchema-instance"><con:restRequest name="GetProduct" id="3d00a9c5-3242-4b5c-9397-f2f107b03590" mediaType="application/json"><con:settings><con:setting id="com.eviware.soapui.impl.wsdl.WsdlRequest@request-headers">&lt;xml-fragment/></con:setting></con:settings><con:endpoint>${#Project#host}</con:endpoint><con:request/><con:originalUri>http://www.thomas-bayer.com/sqlrest/PRODUCT/1</con:originalUri><con:assertion type="XPath Match" id="cc448f04-8482-4007-92c7-ddd77b7bc843" name="Match content of [h1]" disabled="true"><con:configuration><path>//html[1]/body[1]/h1[1]/text()</path><content>HTTP Status 404 - Resource not found</content><allowWildcards>false</allowWildcards><ignoreNamspaceDifferences>false</ignoreNamspaceDifferences><ignoreComments>false</ignoreComments></con:configuration></con:assertion><con:assertion type="Valid HTTP Status Codes" id="d55d11ec-b079-48b9-bd86-83ea9e2f7137" name="Valid HTTP Status Codes"><con:settings/><con:configuration><codes>404</codes></con:configuration></con:assertion><con:credentials><con:selectedAuthProfile>No Authorization</con:selectedAuthProfile><con:authType>No Authorization</con:authType></con:credentials><con:jmsConfig JMSDeliveryMode="PERSISTENT"/><con:parameters><entry key=" id" value="${GenID#id}" xmlns="http://eviware.com/soapui/config"/></con:parameters><con:parameterOrder><con:entry> id</con:entry></con:parameterOrder></con:restRequest></con:config></con:testStep><con:testStep type="datasource" name="DataSource" id="f58e212b-30cc-4a56-8b4f-00ab04607a32"><con:settings/><con:config xsi:type="con:DataSourceStep" xmlns:xsi="http://www.w3.org/2001/XMLSchema-instance"><con:dataSource type="Excel"><con:configuration><file>D:/helloci/WebService/TESTData.xlsx</file><worksheet>Data</worksheet><cell>A2</cell><ignoreEmpty>true</ignoreEmpty></con:configuration></con:dataSource><con:property>id</con:property><con:restartOnRun>true</con:restartOnRun></con:config></con:testStep><con:testStep type="restrequest" name="GetProduct2" id="8e2d8a5b-1169-42b1-89ee-f0176e1a17f5"><con:settings/><con:config service="http://www.thomas-bayer.com" resourcePath="/sqlrest/PRODUCT/{ id}" methodName="Method 1" xsi:type="con:RestRequestStep" xmlns:xsi="http://www.w3.org/2001/XMLSchema-instance"><con:restRequest name="GetProduct2" id="3d00a9c5-3242-4b5c-9397-f2f107b03590" mediaType="application/json"><con:settings><con:setting id="com.eviware.soapui.impl.wsdl.WsdlRequest@request-headers">&lt;xml-fragment/></con:setting></con:settings><con:endpoint>${#Project#host}</con:endpoint><con:request/><con:originalUri>http://www.thomas-bayer.com/sqlrest/PRODUCT/6</con:originalUri><con:credentials><con:selectedAuthProfile>No Authorization</con:selectedAuthProfile><con:authType>No Authorization</con:authType></con:credentials><con:jmsConfig JMSDeliveryMode="PERSISTENT"/><con:parameters><entry key=" id" value="${DataSource#id}" xmlns="http://eviware.com/soapui/config"/></con:parameters><con:parameterOrder><con:entry> id</con:entry></con:parameterOrder></con:restRequest></con:config></con:testStep><con:testStep type="datasourceloop" name="DataSource Loop" id="64654bc1-75c4-4a50-9e7a-eebc9264813b"><con:settings/><con:config><dataSourceStep>DataSource</dataSourceStep><targetStep>GetProduct2</targetStep></con:config></con:testStep><con:properties><con:property><con:name>id</con:name><con:value>5</con:value></con:property></con:properties><con:reportParameters/><con:breakPoints><con:testStepId>85e96522-d091-48bd-83cd-e8b5f9b8635d</con:testStepId><con:status>NONE</con:status><con:properties/></con:breakPoints><con:breakPoints><con:testStepId>64654bc1-75c4-4a50-9e7a-eebc9264813b</con:testStepId><con:status>NONE</con:status><con:properties/></con:breakPoints><con:breakPoints><con:testStepId>f58e212b-30cc-4a56-8b4f-00ab04607a32</con:testStepId><con:status>NONE</con:status><con:properties/></con:breakPoints></con:testCase><con:properties/><con:reportParameters/></con:testSuite><con:requirements/><con:properties><con:property><con:name>host</con:name><con:value>http://www.thomas-bayer.com</con:value></con:property></con:properties><con:wssContainer/><con:databaseConnectionContainer/><con:oAuth2ProfileContainer/><con:reporting><con:reportTemplates/><con:xmlTemplates/><con:xmlTemplates/><con:parameters/><con:parameters/></con:reporting><con:reporting/><con:authRepository/><con:tags/></con:soapui-project>